<?xml version="1.0" encoding="UTF-8"?>
<!-- Generated by org.testng.reporters.JUnitXMLReporter -->
<testsuite ignored="0" hostname="PraveenRaavi" failures="0" tests="4" name="Test" time="0.124" errors="0" timestamp="2025-06-12T17:58:59 IST">
  <testcase classname="demowebshoptest.DemoWebShopRunnerTest" name="@BeforeTest browser" time="0.02">
    <failure type="java.lang.NoClassDefFoundError" message="org/openqa/selenium/WebDriver">
      <![CDATA[java.lang.NoClassDefFoundError: org/openqa/selenium/WebDriver
at demowebshoptest.DemoWebShopRunnerTest.browser(DemoWebShopRunnerTest.java:17)
Caused by: java.lang.ClassNotFoundException: org.openqa.selenium.WebDriver
at java.base/jdk.internal.loader.BuiltinClassLoader.loadClass(BuiltinClassLoader.java:641)
at java.base/jdk.internal.loader.ClassLoaders$AppClassLoader.loadClass(ClassLoaders.java:188)
at java.base/java.lang.ClassLoader.loadClass(ClassLoader.java:525)
... 25 more
... Removed 24 stack frames]]>
    </failure>
  </testcase> <!-- @BeforeTest browser -->
  <testcase classname="guru99.Guru99RunnerTest" name="@BeforeTest guruSetUPtest" time="0.0">
    <skipped/>
  </testcase> <!-- @BeforeTest guruSetUPtest -->
  <testcase classname="herokuapptest.HerokuappTestRunner" name="@BeforeTest herokuappBrow" time="0.0">
    <skipped/>
  </testcase> <!-- @BeforeTest herokuappBrow -->
  <testcase classname="ksrtc1.KsrtcRunnerTest" name="@BeforeTest browserLanch" time="0.0">
    <skipped/>
  </testcase> <!-- @BeforeTest browserLanch -->
  <testcase classname="herokuapptest.HerokuappTestRunner" name="@AfterTest closing" time="0.0">
    <skipped/>
  </testcase> <!-- @AfterTest closing -->
  <testcase classname="guru99.Guru99RunnerTest" name="guruRunner" time="0.0">
    <skipped/>
  </testcase> <!-- guruRunner -->
  <testcase classname="herokuapptest.HerokuappTestRunner" name="heroKuappAction" time="0.0">
    <skipped/>
  </testcase> <!-- heroKuappAction -->
  <testcase classname="demowebshoptest.DemoWebShopRunnerTest" name="testActions" time="0.0">
    <skipped/>
  </testcase> <!-- testActions -->
  <testcase classname="ksrtc1.KsrtcRunnerTest" name="functionalities" time="0.0">
    <skipped/>
  </testcase> <!-- functionalities -->
</testsuite> <!-- Test -->
