<!DOCTYPE html PUBLIC "-//W3C//DTD XHTML 1.1//EN" "https://www.w3.org/TR/xhtml11/DTD/xhtml11.dtd">
<html xmlns="https://www.w3.org/1999/xhtml">
<head>
<meta http-equiv="content-type" content="text/html; charset=UTF-8"/>
<title>TestNG Report</title>
<style type="text/css">table {margin-bottom:10px;border-collapse:collapse;empty-cells:show}th,td {border:1px solid #009;padding:.25em .5em}th {vertical-align:bottom}td {vertical-align:top}table a {font-weight:bold}.stripe td {background-color: #E6EBF9}.num {text-align:right}.passedodd td {background-color: #3F3}.passedeven td {background-color: #0A0}.skippedodd td {background-color: #DDD}.skippedeven td {background-color: #CCC}.failedodd td,.attn {background-color: #F33}.failedeven td,.stripe .attn {background-color: #D00}.stacktrace {white-space:pre;font-family:monospace}.totop {font-size:85%;text-align:center;border-bottom:2px solid #000}.invisible {display:none}</style>
</head>
<body>
<table>
<tr><th>Test</th><th># Passed</th><th># Skipped</th><th># Retried</th><th># Failed</th><th>Time (ms)</th><th>Included Groups</th><th>Excluded Groups</th></tr>
<tr><th colspan="8">Suite</th></tr>
<tr><td><a href="#t0">Test</a></td><td class="num">0</td><td class="num attn">4</td><td class="num">0</td><td class="num">0</td><td class="num">124</td><td></td><td></td></tr>
</table>
<table id='summary'><thead><tr><th>Class</th><th>Method</th><th>Start</th><th>Time (ms)</th></tr></thead><tbody><tr><th colspan="4">Suite</th></tr></tbody><tbody id="t0"><tr><th colspan="4">Test &#8212; failed (configuration methods)</th></tr><tr class="failedeven"><td rowspan="1">demowebshoptest.DemoWebShopRunnerTest</td><td><a href="#m0">browser</a></td><td rowspan="1">1749731338914</td><td rowspan="1">20</td></tr><tr><th colspan="4">Test &#8212; skipped (configuration methods)</th></tr><tr class="skippedeven"><td rowspan="1">guru99.Guru99RunnerTest</td><td><a href="#m1">guruSetUPtest</a></td><td rowspan="1">1749731338954</td><td rowspan="1">0</td></tr><tr class="skippedodd"><td rowspan="2">herokuapptest.HerokuappTestRunner</td><td><a href="#m2">closing</a></td><td rowspan="1">1749731339024</td><td rowspan="1">0</td></tr><tr class="skippedodd"><td><a href="#m3">herokuappBrow</a></td><td rowspan="1">1749731338958</td><td rowspan="1">0</td></tr><tr class="skippedeven"><td rowspan="1">ksrtc1.KsrtcRunnerTest</td><td><a href="#m4">browserLanch</a></td><td rowspan="1">1749731338960</td><td rowspan="1">0</td></tr><tr><th colspan="4">Test &#8212; skipped</th></tr><tr class="skippedeven"><td rowspan="1">demowebshoptest.DemoWebShopRunnerTest</td><td><a href="#m5">testActions</a></td><td rowspan="1">1749731339017</td><td rowspan="1">0</td></tr><tr class="skippedodd"><td rowspan="1">guru99.Guru99RunnerTest</td><td><a href="#m6">guruRunner</a></td><td rowspan="1">1749731339001</td><td rowspan="1">0</td></tr><tr class="skippedeven"><td rowspan="1">herokuapptest.HerokuappTestRunner</td><td><a href="#m7">heroKuappAction</a></td><td rowspan="1">1749731339012</td><td rowspan="1">0</td></tr><tr class="skippedodd"><td rowspan="1">ksrtc1.KsrtcRunnerTest</td><td><a href="#m8">functionalities</a></td><td rowspan="1">1749731339021</td><td rowspan="1">0</td></tr></tbody>
</table>
<h2>Test</h2><h3 id="m0">demowebshoptest.DemoWebShopRunnerTest#browser</h3><table class="result"><tr><th>Exception</th></tr><tr><td><div class="stacktrace">java.lang.NoClassDefFoundError: org/openqa/selenium/WebDriver
	at demowebshoptest.DemoWebShopRunnerTest.browser(DemoWebShopRunnerTest.java:17)
Caused by: java.lang.ClassNotFoundException: org.openqa.selenium.WebDriver
	at java.base/jdk.internal.loader.BuiltinClassLoader.loadClass(BuiltinClassLoader.java:641)
	at java.base/jdk.internal.loader.ClassLoaders$AppClassLoader.loadClass(ClassLoaders.java:188)
	at java.base/java.lang.ClassLoader.loadClass(ClassLoader.java:525)
	... 25 more
... Removed 24 stack frames</div></td></tr></table><p class="totop"><a href="#summary">back to summary</a></p>
<h3 id="m1">guru99.Guru99RunnerTest#guruSetUPtest</h3><table class="result"><tr><th class="invisible"/></tr></table><p class="totop"><a href="#summary">back to summary</a></p>
<h3 id="m2">herokuapptest.HerokuappTestRunner#closing</h3><table class="result"><tr><th class="invisible"/></tr></table><p class="totop"><a href="#summary">back to summary</a></p>
<h3 id="m3">herokuapptest.HerokuappTestRunner#herokuappBrow</h3><table class="result"><tr><th class="invisible"/></tr></table><p class="totop"><a href="#summary">back to summary</a></p>
<h3 id="m4">ksrtc1.KsrtcRunnerTest#browserLanch</h3><table class="result"><tr><th class="invisible"/></tr></table><p class="totop"><a href="#summary">back to summary</a></p>
<h3 id="m5">demowebshoptest.DemoWebShopRunnerTest#testActions</h3><table class="result"><tr><th>Exception</th></tr><tr><td><div class="stacktrace">java.lang.NoClassDefFoundError: org/openqa/selenium/WebDriver
	at demowebshoptest.DemoWebShopRunnerTest.browser(DemoWebShopRunnerTest.java:17)
Caused by: java.lang.ClassNotFoundException: org.openqa.selenium.WebDriver
	at java.base/jdk.internal.loader.BuiltinClassLoader.loadClass(BuiltinClassLoader.java:641)
	at java.base/jdk.internal.loader.ClassLoaders$AppClassLoader.loadClass(ClassLoaders.java:188)
	at java.base/java.lang.ClassLoader.loadClass(ClassLoader.java:525)
	... 25 more
... Removed 24 stack frames</div></td></tr></table><p class="totop"><a href="#summary">back to summary</a></p>
<h3 id="m6">guru99.Guru99RunnerTest#guruRunner</h3><table class="result"><tr><th>Exception</th></tr><tr><td><div class="stacktrace">java.lang.NoClassDefFoundError: org/openqa/selenium/WebDriver
	at demowebshoptest.DemoWebShopRunnerTest.browser(DemoWebShopRunnerTest.java:17)
Caused by: java.lang.ClassNotFoundException: org.openqa.selenium.WebDriver
	at java.base/jdk.internal.loader.BuiltinClassLoader.loadClass(BuiltinClassLoader.java:641)
	at java.base/jdk.internal.loader.ClassLoaders$AppClassLoader.loadClass(ClassLoaders.java:188)
	at java.base/java.lang.ClassLoader.loadClass(ClassLoader.java:525)
	... 25 more
... Removed 24 stack frames</div></td></tr></table><p class="totop"><a href="#summary">back to summary</a></p>
<h3 id="m7">herokuapptest.HerokuappTestRunner#heroKuappAction</h3><table class="result"><tr><th>Exception</th></tr><tr><td><div class="stacktrace">java.lang.NoClassDefFoundError: org/openqa/selenium/WebDriver
	at demowebshoptest.DemoWebShopRunnerTest.browser(DemoWebShopRunnerTest.java:17)
Caused by: java.lang.ClassNotFoundException: org.openqa.selenium.WebDriver
	at java.base/jdk.internal.loader.BuiltinClassLoader.loadClass(BuiltinClassLoader.java:641)
	at java.base/jdk.internal.loader.ClassLoaders$AppClassLoader.loadClass(ClassLoaders.java:188)
	at java.base/java.lang.ClassLoader.loadClass(ClassLoader.java:525)
	... 25 more
... Removed 24 stack frames</div></td></tr></table><p class="totop"><a href="#summary">back to summary</a></p>
<h3 id="m8">ksrtc1.KsrtcRunnerTest#functionalities</h3><table class="result"><tr><th>Exception</th></tr><tr><td><div class="stacktrace">java.lang.NoClassDefFoundError: org/openqa/selenium/WebDriver
	at demowebshoptest.DemoWebShopRunnerTest.browser(DemoWebShopRunnerTest.java:17)
Caused by: java.lang.ClassNotFoundException: org.openqa.selenium.WebDriver
	at java.base/jdk.internal.loader.BuiltinClassLoader.loadClass(BuiltinClassLoader.java:641)
	at java.base/jdk.internal.loader.ClassLoaders$AppClassLoader.loadClass(ClassLoaders.java:188)
	at java.base/java.lang.ClassLoader.loadClass(ClassLoader.java:525)
	... 25 more
... Removed 24 stack frames</div></td></tr></table><p class="totop"><a href="#summary">back to summary</a></p>
</body>
</html>
